{"/Users/antonio/Documents/week-10/grad-js-assigment/server/app.js": {"path":"/Users/antonio/Documents/week-10/grad-js-assigment/server/app.js","statementMap":{"0":{"start":{"line":1,"column":16},"end":{"line":1,"column":34}},"1":{"start":{"line":2,"column":13},"end":{"line":2,"column":28}},"2":{"start":{"line":3,"column":15},"end":{"line":3,"column":37}},"3":{"start":{"line":4,"column":12},"end":{"line":4,"column":21}},"4":{"start":{"line":6,"column":0},"end":{"line":6,"column":16}},"5":{"start":{"line":7,"column":19},"end":{"line":7,"column":53}},"6":{"start":{"line":9,"column":0},"end":{"line":9,"column":20}},"7":{"start":{"line":10,"column":0},"end":{"line":10,"column":12}},"8":{"start":{"line":12,"column":0},"end":{"line":12,"column":21}}},"fnMap":{},"branchMap":{},"s":{"0":1,"1":1,"2":1,"3":1,"4":1,"5":1,"6":1,"7":1,"8":1},"f":{},"b":{},"_coverageSchema":"43e27e138ebf9cfc5966b082cf9a028302ed4184","hash":"2edf710d527ad4a46a20538fda24897a295fec4c"}
,"/Users/antonio/Documents/week-10/grad-js-assigment/server/router.js": {"path":"/Users/antonio/Documents/week-10/grad-js-assigment/server/router.js","statementMap":{"0":{"start":{"line":1,"column":22},"end":{"line":1,"column":65}},"1":{"start":{"line":3,"column":0},"end":{"line":5,"column":2}},"2":{"start":{"line":4,"column":4},"end":{"line":4,"column":45}}},"fnMap":{"0":{"name":"(anonymous_0)","decl":{"start":{"line":3,"column":17},"end":{"line":3,"column":18}},"loc":{"start":{"line":3,"column":26},"end":{"line":5,"column":1}},"line":3}},"branchMap":{},"s":{"0":1,"1":1,"2":1},"f":{"0":1},"b":{},"_coverageSchema":"43e27e138ebf9cfc5966b082cf9a028302ed4184","hash":"e96948c7037a7dabc20b327e91ce0c6ac4aa4acb"}
,"/Users/antonio/Documents/week-10/grad-js-assigment/server/external_apis/reed.co.uk/getJobs.js": {"path":"/Users/antonio/Documents/week-10/grad-js-assigment/server/external_apis/reed.co.uk/getJobs.js","statementMap":{"0":{"start":{"line":1,"column":14},"end":{"line":1,"column":30}},"1":{"start":{"line":2,"column":39},"end":{"line":2,"column":52}},"2":{"start":{"line":4,"column":16},"end":{"line":24,"column":1}},"3":{"start":{"line":5,"column":4},"end":{"line":23,"column":5}},"4":{"start":{"line":6,"column":28},"end":{"line":6,"column":46}},"5":{"start":{"line":8,"column":12},"end":{"line":8,"column":78}},"6":{"start":{"line":10,"column":8},"end":{"line":14,"column":11}},"7":{"start":{"line":16,"column":8},"end":{"line":22,"column":9}},"8":{"start":{"line":17,"column":34},"end":{"line":19,"column":13}},"9":{"start":{"line":20,"column":12},"end":{"line":20,"column":41}},"10":{"start":{"line":21,"column":12},"end":{"line":21,"column":34}},"11":{"start":{"line":26,"column":0},"end":{"line":26,"column":25}}},"fnMap":{"0":{"name":"(anonymous_0)","decl":{"start":{"line":4,"column":16},"end":{"line":4,"column":17}},"loc":{"start":{"line":4,"column":36},"end":{"line":24,"column":1}},"line":4}},"branchMap":{"0":{"loc":{"start":{"line":16,"column":8},"end":{"line":22,"column":9}},"type":"if","locations":[{"start":{"line":16,"column":8},"end":{"line":22,"column":9}},{"start":{"line":16,"column":8},"end":{"line":22,"column":9}}],"line":16}},"s":{"0":1,"1":1,"2":1,"3":4,"4":4,"5":3,"6":3,"7":1,"8":1,"9":1,"10":1,"11":1},"f":{"0":4},"b":{"0":[1,0]},"_coverageSchema":"43e27e138ebf9cfc5966b082cf9a028302ed4184","hash":"ea3160070c5b1c9f6340ea5e4b5c0bd0543883a7"}
,"/Users/antonio/Documents/week-10/grad-js-assigment/server/external_apis/reed.co.uk/index.js": {"path":"/Users/antonio/Documents/week-10/grad-js-assigment/server/external_apis/reed.co.uk/index.js","statementMap":{"0":{"start":{"line":1,"column":17},"end":{"line":1,"column":56}},"1":{"start":{"line":3,"column":25},"end":{"line":6,"column":1}},"2":{"start":{"line":4,"column":4},"end":{"line":4,"column":67}},"3":{"start":{"line":4,"column":51},"end":{"line":4,"column":67}},"4":{"start":{"line":5,"column":4},"end":{"line":5,"column":63}},"5":{"start":{"line":8,"column":0},"end":{"line":8,"column":48}}},"fnMap":{"0":{"name":"(anonymous_0)","decl":{"start":{"line":3,"column":25},"end":{"line":3,"column":26}},"loc":{"start":{"line":3,"column":31},"end":{"line":6,"column":1}},"line":3}},"branchMap":{"0":{"loc":{"start":{"line":4,"column":4},"end":{"line":4,"column":67}},"type":"if","locations":[{"start":{"line":4,"column":4},"end":{"line":4,"column":67}},{"start":{"line":4,"column":4},"end":{"line":4,"column":67}}],"line":4}},"s":{"0":1,"1":1,"2":4,"3":1,"4":3,"5":1},"f":{"0":4},"b":{"0":[1,3]},"_coverageSchema":"43e27e138ebf9cfc5966b082cf9a028302ed4184","hash":"41435897ea88bacc8a24c489d024301ce51b273d"}
,"/Users/antonio/Documents/week-10/grad-js-assigment/server/handlers/jobs/getJobsByCity.js": {"path":"/Users/antonio/Documents/week-10/grad-js-assigment/server/handlers/jobs/getJobsByCity.js","statementMap":{"0":{"start":{"line":1,"column":16},"end":{"line":1,"column":65}},"1":{"start":{"line":3,"column":22},"end":{"line":19,"column":1}},"2":{"start":{"line":4,"column":4},"end":{"line":18,"column":5}},"3":{"start":{"line":5,"column":8},"end":{"line":6,"column":54}},"4":{"start":{"line":6,"column":12},"end":{"line":6,"column":54}},"5":{"start":{"line":8,"column":19},"end":{"line":8,"column":41}},"6":{"start":{"line":9,"column":19},"end":{"line":9,"column":38}},"7":{"start":{"line":10,"column":23},"end":{"line":10,"column":32}},"8":{"start":{"line":11,"column":8},"end":{"line":11,"column":39}},"9":{"start":{"line":13,"column":8},"end":{"line":16,"column":9}},"10":{"start":{"line":14,"column":12},"end":{"line":14,"column":53}},"11":{"start":{"line":15,"column":12},"end":{"line":15,"column":19}},"12":{"start":{"line":17,"column":8},"end":{"line":17,"column":42}},"13":{"start":{"line":21,"column":0},"end":{"line":21,"column":31}}},"fnMap":{"0":{"name":"(anonymous_0)","decl":{"start":{"line":3,"column":22},"end":{"line":3,"column":23}},"loc":{"start":{"line":3,"column":42},"end":{"line":19,"column":1}},"line":3}},"branchMap":{"0":{"loc":{"start":{"line":5,"column":8},"end":{"line":6,"column":54}},"type":"if","locations":[{"start":{"line":5,"column":8},"end":{"line":6,"column":54}},{"start":{"line":5,"column":8},"end":{"line":6,"column":54}}],"line":5},"1":{"loc":{"start":{"line":13,"column":8},"end":{"line":16,"column":9}},"type":"if","locations":[{"start":{"line":13,"column":8},"end":{"line":16,"column":9}},{"start":{"line":13,"column":8},"end":{"line":16,"column":9}}],"line":13},"2":{"loc":{"start":{"line":13,"column":12},"end":{"line":13,"column":58}},"type":"binary-expr","locations":[{"start":{"line":13,"column":12},"end":{"line":13,"column":36}},{"start":{"line":13,"column":40},"end":{"line":13,"column":58}}],"line":13}},"s":{"0":1,"1":1,"2":5,"3":5,"4":1,"5":4,"6":4,"7":3,"8":3,"9":2,"10":1,"11":1,"12":1,"13":1},"f":{"0":5},"b":{"0":[1,4],"1":[1,1],"2":[2,2]},"_coverageSchema":"43e27e138ebf9cfc5966b082cf9a028302ed4184","hash":"b7937c141872ed13918941c37cb628692bfbb3b1"}
,"/Users/antonio/Documents/week-10/grad-js-assigment/server/middleware/bodyParser.js": {"path":"/Users/antonio/Documents/week-10/grad-js-assigment/server/middleware/bodyParser.js","statementMap":{"0":{"start":{"line":1,"column":19},"end":{"line":18,"column":1}},"1":{"start":{"line":2,"column":4},"end":{"line":17,"column":5}},"2":{"start":{"line":3,"column":25},"end":{"line":3,"column":27}},"3":{"start":{"line":4,"column":8},"end":{"line":6,"column":11}},"4":{"start":{"line":5,"column":12},"end":{"line":5,"column":32}},"5":{"start":{"line":7,"column":8},"end":{"line":14,"column":11}},"6":{"start":{"line":8,"column":12},"end":{"line":12,"column":13}},"7":{"start":{"line":9,"column":16},"end":{"line":9,"column":50}},"8":{"start":{"line":11,"column":16},"end":{"line":11,"column":23}},"9":{"start":{"line":13,"column":12},"end":{"line":13,"column":19}},"10":{"start":{"line":16,"column":8},"end":{"line":16,"column":15}},"11":{"start":{"line":20,"column":0},"end":{"line":20,"column":28}}},"fnMap":{"0":{"name":"(anonymous_0)","decl":{"start":{"line":1,"column":19},"end":{"line":1,"column":20}},"loc":{"start":{"line":1,"column":39},"end":{"line":18,"column":1}},"line":1},"1":{"name":"(anonymous_1)","decl":{"start":{"line":4,"column":23},"end":{"line":4,"column":24}},"loc":{"start":{"line":4,"column":32},"end":{"line":6,"column":9}},"line":4},"2":{"name":"(anonymous_2)","decl":{"start":{"line":7,"column":22},"end":{"line":7,"column":23}},"loc":{"start":{"line":7,"column":28},"end":{"line":14,"column":9}},"line":7}},"branchMap":{"0":{"loc":{"start":{"line":2,"column":4},"end":{"line":17,"column":5}},"type":"if","locations":[{"start":{"line":2,"column":4},"end":{"line":17,"column":5}},{"start":{"line":2,"column":4},"end":{"line":17,"column":5}}],"line":2},"1":{"loc":{"start":{"line":2,"column":8},"end":{"line":2,"column":55}},"type":"binary-expr","locations":[{"start":{"line":2,"column":8},"end":{"line":2,"column":29}},{"start":{"line":2,"column":33},"end":{"line":2,"column":55}}],"line":2}},"s":{"0":1,"1":5,"2":0,"3":0,"4":0,"5":0,"6":0,"7":0,"8":0,"9":0,"10":5,"11":1},"f":{"0":5,"1":0,"2":0},"b":{"0":[0,5],"1":[5,5]},"_coverageSchema":"43e27e138ebf9cfc5966b082cf9a028302ed4184","hash":"dfbe36039c294beeedbd6c51462b3a162b05113a"}
}
