TN:
SF:/Users/antonio/Documents/week-10/grad-js-assigment/server/app.js
FNF:0
FNH:0
DA:1,1
DA:2,1
DA:3,1
DA:4,1
DA:6,1
DA:7,1
DA:9,1
DA:10,1
DA:12,1
LF:9
LH:9
BRF:0
BRH:0
end_of_record
TN:
SF:/Users/antonio/Documents/week-10/grad-js-assigment/server/router.js
FN:3,(anonymous_0)
FNF:1
FNH:1
FNDA:1,(anonymous_0)
DA:1,1
DA:3,1
DA:4,1
LF:3
LH:3
BRF:0
BRH:0
end_of_record
TN:
SF:/Users/antonio/Documents/week-10/grad-js-assigment/server/external_apis/reed.co.uk/getJobs.js
FN:4,(anonymous_0)
FNF:1
FNH:1
FNDA:4,(anonymous_0)
DA:1,1
DA:2,1
DA:4,1
DA:5,4
DA:6,4
DA:8,3
DA:10,3
DA:16,1
DA:17,1
DA:20,1
DA:21,1
DA:26,1
LF:12
LH:12
BRDA:16,0,0,1
BRDA:16,0,1,0
BRF:2
BRH:1
end_of_record
TN:
SF:/Users/antonio/Documents/week-10/grad-js-assigment/server/external_apis/reed.co.uk/index.js
FN:3,(anonymous_0)
FNF:1
FNH:1
FNDA:4,(anonymous_0)
DA:1,1
DA:3,1
DA:4,4
DA:5,3
DA:8,1
LF:5
LH:5
BRDA:4,0,0,1
BRDA:4,0,1,3
BRF:2
BRH:2
end_of_record
TN:
SF:/Users/antonio/Documents/week-10/grad-js-assigment/server/handlers/jobs/getJobsByCity.js
FN:3,(anonymous_0)
FNF:1
FNH:1
FNDA:5,(anonymous_0)
DA:1,1
DA:3,1
DA:4,5
DA:5,5
DA:6,1
DA:8,4
DA:9,4
DA:10,3
DA:11,3
DA:13,2
DA:14,1
DA:15,1
DA:17,1
DA:21,1
LF:14
LH:14
BRDA:5,0,0,1
BRDA:5,0,1,4
BRDA:13,1,0,1
BRDA:13,1,1,1
BRDA:13,2,0,2
BRDA:13,2,1,2
BRF:6
BRH:6
end_of_record
TN:
SF:/Users/antonio/Documents/week-10/grad-js-assigment/server/middleware/bodyParser.js
FN:1,(anonymous_0)
FN:4,(anonymous_1)
FN:7,(anonymous_2)
FNF:3
FNH:1
FNDA:5,(anonymous_0)
FNDA:0,(anonymous_1)
FNDA:0,(anonymous_2)
DA:1,1
DA:2,5
DA:3,0
DA:4,0
DA:5,0
DA:7,0
DA:8,0
DA:9,0
DA:11,0
DA:13,0
DA:16,5
DA:20,1
LF:12
LH:4
BRDA:2,0,0,0
BRDA:2,0,1,5
BRDA:2,1,0,5
BRDA:2,1,1,5
BRF:4
BRH:3
end_of_record
